2018-08-12 22:59:53,016 [Worker-5: Loading available Gradle versions] INFO  c.g.t.t.d.PublishedGradleVersions - Gradle version information cache is out-of-date. Trying to update.
2018-08-12 23:01:18,815 [Worker-5: Importing Maven projects] INFO  o.e.m.c.i.l.LifecycleMappingFactory - Using org.eclipse.m2e.jdt.JarLifecycleMapping lifecycle mapping for MavenProject: SeleniumJenkins:SeleniumJenkins:0.0.1-SNAPSHOT @ /Users/nadiruzzaman.muhamm/Documents/Jenkins/SeleniumJenkins/pom.xml.
2018-08-12 23:01:19,687 [Worker-5: Importing Maven projects] INFO  o.e.m.j.i.AbstractJavaProjectConfigurator - Adding source folder /SeleniumJenkins/src
2018-08-12 23:01:19,688 [Worker-5: Importing Maven projects] INFO  o.e.m.j.i.AbstractJavaProjectConfigurator - Not adding source folder /SeleniumJenkins/src/test/java because it overlaps with /SeleniumJenkins/src
2018-08-12 23:01:19,803 [Worker-5: Importing Maven projects] INFO  o.e.m.c.i.p.ProjectConfigurationManager - Imported and configured 1 project(s) in 5 sec
2018-08-12 23:01:22,602 [Worker-0: Auto share git projects] WARN  org.eclipse.jgit.util.FS - null
2018-08-12 23:01:23,352 [Worker-14: Building workspace] WARN  o.e.m.c.i.embedder.EclipseLogger - Using platform encoding (UTF-8 actually) to copy filtered resources, i.e. build is platform dependent!
2018-08-12 23:01:23,353 [Worker-14: Building workspace] INFO  o.e.m.c.i.embedder.EclipseLogger - skip non existing resourceDirectory /Users/nadiruzzaman.muhamm/Documents/Jenkins/SeleniumJenkins/src/main/resources
2018-08-12 23:01:23,356 [Worker-14: Building workspace] WARN  o.e.m.c.i.embedder.EclipseLogger - Using platform encoding (UTF-8 actually) to copy filtered resources, i.e. build is platform dependent!
2018-08-12 23:01:23,356 [Worker-14: Building workspace] INFO  o.e.m.c.i.embedder.EclipseLogger - skip non existing resourceDirectory /Users/nadiruzzaman.muhamm/Documents/Jenkins/SeleniumJenkins/src/test/resources
2018-08-12 23:03:38,346 [Worker-18: Building workspace] WARN  o.e.m.c.i.embedder.EclipseLogger - Using platform encoding (UTF-8 actually) to copy filtered resources, i.e. build is platform dependent!
2018-08-12 23:03:38,346 [Worker-18: Building workspace] INFO  o.e.m.c.i.embedder.EclipseLogger - skip non existing resourceDirectory /Users/nadiruzzaman.muhamm/Documents/Jenkins/SeleniumJenkins/src/main/resources
2018-08-12 23:03:38,348 [Worker-18: Building workspace] WARN  o.e.m.c.i.embedder.EclipseLogger - Using platform encoding (UTF-8 actually) to copy filtered resources, i.e. build is platform dependent!
2018-08-12 23:03:38,349 [Worker-18: Building workspace] INFO  o.e.m.c.i.embedder.EclipseLogger - skip non existing resourceDirectory /Users/nadiruzzaman.muhamm/Documents/Jenkins/SeleniumJenkins/src/test/resources
2018-08-12 23:05:48,635 [Worker-3: Loading available Gradle versions] INFO  c.g.t.t.d.PublishedGradleVersions - Gradle version information cache is up-to-date. Trying to read.
2018-08-12 23:05:49,197 [Worker-8: Building workspace] WARN  org.eclipse.jgit.util.FS - null
2018-08-12 23:05:50,296 [Worker-8: Building workspace] WARN  o.e.m.c.i.embedder.EclipseLogger - Using platform encoding (UTF-8 actually) to copy filtered resources, i.e. build is platform dependent!
2018-08-12 23:05:50,297 [Worker-8: Building workspace] INFO  o.e.m.c.i.embedder.EclipseLogger - skip non existing resourceDirectory /Users/nadiruzzaman.muhamm/Documents/Jenkins/SeleniumJenkins/src/main/resources
2018-08-12 23:05:50,299 [Worker-8: Building workspace] WARN  o.e.m.c.i.embedder.EclipseLogger - Using platform encoding (UTF-8 actually) to copy filtered resources, i.e. build is platform dependent!
2018-08-12 23:05:50,300 [Worker-8: Building workspace] INFO  o.e.m.c.i.embedder.EclipseLogger - skip non existing resourceDirectory /Users/nadiruzzaman.muhamm/Documents/Jenkins/SeleniumJenkins/src/test/resources
2018-08-12 23:06:24,159 [Worker-15: Building workspace] WARN  o.e.m.c.i.embedder.EclipseLogger - Using platform encoding (UTF-8 actually) to copy filtered resources, i.e. build is platform dependent!
2018-08-12 23:06:24,161 [Worker-15: Building workspace] INFO  o.e.m.c.i.embedder.EclipseLogger - skip non existing resourceDirectory /Users/nadiruzzaman.muhamm/Documents/Jenkins/SeleniumJenkins/src/main/resources
2018-08-12 23:06:24,164 [Worker-15: Building workspace] WARN  o.e.m.c.i.embedder.EclipseLogger - Using platform encoding (UTF-8 actually) to copy filtered resources, i.e. build is platform dependent!
2018-08-12 23:06:24,165 [Worker-15: Building workspace] INFO  o.e.m.c.i.embedder.EclipseLogger - skip non existing resourceDirectory /Users/nadiruzzaman.muhamm/Documents/Jenkins/SeleniumJenkins/src/test/resources
2018-08-12 23:07:27,529 [Worker-12: Building workspace] WARN  o.e.m.c.i.embedder.EclipseLogger - Using platform encoding (UTF-8 actually) to copy filtered resources, i.e. build is platform dependent!
2018-08-12 23:07:27,530 [Worker-12: Building workspace] INFO  o.e.m.c.i.embedder.EclipseLogger - skip non existing resourceDirectory /Users/nadiruzzaman.muhamm/Documents/Jenkins/SeleniumJenkins/src/main/resources
2018-08-12 23:07:27,531 [Worker-12: Building workspace] WARN  o.e.m.c.i.embedder.EclipseLogger - Using platform encoding (UTF-8 actually) to copy filtered resources, i.e. build is platform dependent!
2018-08-12 23:07:27,532 [Worker-12: Building workspace] INFO  o.e.m.c.i.embedder.EclipseLogger - skip non existing resourceDirectory /Users/nadiruzzaman.muhamm/Documents/Jenkins/SeleniumJenkins/src/test/resources
2018-08-12 23:07:34,789 [Worker-15: Building workspace] WARN  o.e.m.c.i.embedder.EclipseLogger - Using platform encoding (UTF-8 actually) to copy filtered resources, i.e. build is platform dependent!
2018-08-12 23:07:34,790 [Worker-15: Building workspace] INFO  o.e.m.c.i.embedder.EclipseLogger - skip non existing resourceDirectory /Users/nadiruzzaman.muhamm/Documents/Jenkins/SeleniumJenkins/src/main/resources
2018-08-12 23:07:34,791 [Worker-15: Building workspace] WARN  o.e.m.c.i.embedder.EclipseLogger - Using platform encoding (UTF-8 actually) to copy filtered resources, i.e. build is platform dependent!
2018-08-12 23:07:34,792 [Worker-15: Building workspace] INFO  o.e.m.c.i.embedder.EclipseLogger - skip non existing resourceDirectory /Users/nadiruzzaman.muhamm/Documents/Jenkins/SeleniumJenkins/src/test/resources
2018-08-12 23:09:48,472 [Worker-4: Loading available Gradle versions] INFO  c.g.t.t.d.PublishedGradleVersions - Gradle version information cache is up-to-date. Trying to read.
2018-08-12 23:09:49,966 [Worker-15: Building workspace] WARN  o.e.m.c.i.embedder.EclipseLogger - Using platform encoding (UTF-8 actually) to copy filtered resources, i.e. build is platform dependent!
2018-08-12 23:09:49,972 [Worker-15: Building workspace] INFO  o.e.m.c.i.embedder.EclipseLogger - skip non existing resourceDirectory /Users/nadiruzzaman.muhamm/Documents/Jenkins/SeleniumJenkins/src/main/resources
2018-08-12 23:09:49,975 [Worker-15: Building workspace] WARN  o.e.m.c.i.embedder.EclipseLogger - Using platform encoding (UTF-8 actually) to copy filtered resources, i.e. build is platform dependent!
2018-08-12 23:09:49,975 [Worker-15: Building workspace] INFO  o.e.m.c.i.embedder.EclipseLogger - skip non existing resourceDirectory /Users/nadiruzzaman.muhamm/Documents/Jenkins/SeleniumJenkins/src/test/resources
2018-08-12 23:11:15,904 [Worker-0: Importing Maven projects] INFO  o.e.m.c.i.l.LifecycleMappingFactory - Using org.eclipse.m2e.jdt.JarLifecycleMapping lifecycle mapping for MavenProject: SeleniumJenkins:SeleniumJenkins:0.0.1-SNAPSHOT @ /Users/nadiruzzaman.muhamm/Documents/workspace/GitPractice/SeleniumJenkins/pom.xml.
2018-08-12 23:11:16,510 [Worker-0: Importing Maven projects] INFO  o.e.m.j.i.AbstractJavaProjectConfigurator - Adding source folder /SeleniumJenkins/src
2018-08-12 23:11:16,511 [Worker-0: Importing Maven projects] INFO  o.e.m.j.i.AbstractJavaProjectConfigurator - Not adding source folder /SeleniumJenkins/src/test/java because it overlaps with /SeleniumJenkins/src
2018-08-12 23:11:16,575 [Worker-0: Importing Maven projects] INFO  o.e.m.c.i.p.ProjectConfigurationManager - Imported and configured 1 project(s) in 1 sec
2018-08-12 23:11:16,880 [Worker-6: Building workspace] WARN  o.e.m.c.i.embedder.EclipseLogger - Using platform encoding (UTF-8 actually) to copy filtered resources, i.e. build is platform dependent!
2018-08-12 23:11:16,881 [Worker-6: Building workspace] INFO  o.e.m.c.i.embedder.EclipseLogger - skip non existing resourceDirectory /Users/nadiruzzaman.muhamm/Documents/workspace/GitPractice/SeleniumJenkins/src/main/resources
2018-08-12 23:11:16,883 [Worker-6: Building workspace] WARN  o.e.m.c.i.embedder.EclipseLogger - Using platform encoding (UTF-8 actually) to copy filtered resources, i.e. build is platform dependent!
2018-08-12 23:11:16,884 [Worker-6: Building workspace] INFO  o.e.m.c.i.embedder.EclipseLogger - skip non existing resourceDirectory /Users/nadiruzzaman.muhamm/Documents/workspace/GitPractice/SeleniumJenkins/src/test/resources
